2024/05/06 15:40:28 [emerg] 1#1: host not found in upstream "app" in /etc/nginx/conf.d/nginx.conf:15
2024/05/18 19:09:18 [emerg] 1#1: unknown directive "//domain" in /etc/nginx/conf.d/nginx.conf:5
2024/05/18 19:10:42 [emerg] 1#1: unknown directive "//domain" in /etc/nginx/conf.d/nginx.conf:5
2024/05/18 19:12:16 [emerg] 1#1: unknown directive "//domain" in /etc/nginx/conf.d/nginx.conf:5
2024/05/18 19:13:13 [emerg] 1#1: unknown directive "//domain" in /etc/nginx/conf.d/nginx.conf:5
2024/05/18 19:36:21 [emerg] 1#1: unknown directive "//domain" in /etc/nginx/conf.d/nginx.conf:5
2024/05/18 19:37:52 [emerg] 1#1: unknown directive "//domain" in /etc/nginx/conf.d/nginx.conf:5
2024/05/18 19:38:36 [emerg] 1#1: unknown directive "//domain" in /etc/nginx/conf.d/nginx.conf:5
2024/05/18 19:43:29 [emerg] 1#1: unknown directive "//domain" in /etc/nginx/conf.d/nginx.conf:5
2024/05/19 05:00:06 [emerg] 1#1: unknown directive "//domain" in /etc/nginx/conf.d/nginx.conf:5
2024/05/19 07:14:18 [emerg] 1#1: unknown directive "//domain" in /etc/nginx/conf.d/nginx.conf:5
2024/05/19 09:00:18 [emerg] 1#1: unknown directive "//domain" in /etc/nginx/conf.d/nginx.conf:5
2024/05/19 09:03:09 [emerg] 1#1: unknown directive "//domain" in /etc/nginx/conf.d/nginx.conf:5
2024/05/19 09:03:46 [emerg] 1#1: unknown directive "//domain" in /etc/nginx/conf.d/nginx.conf:5
2024/05/19 09:08:41 [emerg] 1#1: unknown directive "//domain" in /etc/nginx/conf.d/nginx.conf:5
2024/05/19 09:15:43 [emerg] 1#1: unknown directive "//domain" in /etc/nginx/conf.d/nginx.conf:5
2024/05/19 09:20:25 [emerg] 1#1: unknown directive "//domain" in /etc/nginx/conf.d/nginx.conf:5
2024/05/19 09:33:03 [emerg] 1#1: unknown directive "//domain" in /etc/nginx/conf.d/nginx.conf:5
2024/05/19 09:40:07 [emerg] 1#1: unknown directive "//domain" in /etc/nginx/conf.d/nginx.conf:5
2024/05/19 09:45:36 [emerg] 1#1: unknown directive "//domain" in /etc/nginx/conf.d/nginx.conf:5
2024/05/19 09:51:34 [emerg] 1#1: unknown directive "//domain" in /etc/nginx/conf.d/nginx.conf:5
2024/05/19 10:00:44 [emerg] 1#1: unknown directive "//domain" in /etc/nginx/conf.d/nginx.conf:5
2024/05/19 10:03:40 [emerg] 1#1: unknown directive "//domain" in /etc/nginx/conf.d/nginx.conf:5
2024/05/19 15:14:07 [emerg] 1#1: unknown directive "//domain" in /etc/nginx/conf.d/nginx.conf:5
2024/05/19 16:20:14 [emerg] 1#1: unknown directive "//domain" in /etc/nginx/conf.d/nginx.conf:5
2024/05/19 16:49:33 [emerg] 1#1: unknown directive "//domain" in /etc/nginx/conf.d/nginx.conf:5
2024/05/19 17:14:14 [emerg] 1#1: unknown directive "//domain" in /etc/nginx/conf.d/nginx.conf:5
2024/05/19 17:21:47 [emerg] 1#1: unknown directive "//domain" in /etc/nginx/conf.d/nginx.conf:5
2024/05/19 17:23:20 [emerg] 1#1: unknown directive "//domain" in /etc/nginx/conf.d/nginx.conf:5
2024/05/19 17:25:32 [emerg] 1#1: unknown directive "//domain" in /etc/nginx/conf.d/nginx.conf:5
2024/05/19 17:57:56 [emerg] 1#1: unknown directive "//domain" in /etc/nginx/conf.d/nginx.conf:5
2024/05/19 18:13:14 [emerg] 1#1: unknown directive "//domain" in /etc/nginx/conf.d/nginx.conf:5
2024/05/19 18:30:04 [emerg] 1#1: unknown directive "//domain" in /etc/nginx/conf.d/nginx.conf:5
2024/05/23 14:01:25 [emerg] 1#1: host not found in upstream "app" in /etc/nginx/conf.d/nginx.conf:15
2024/05/23 14:13:14 [emerg] 1#1: host not found in upstream "app" in /etc/nginx/conf.d/nginx.conf:15
2024/05/23 14:28:32 [emerg] 1#1: host not found in upstream "app" in /etc/nginx/conf.d/nginx.conf:15
2024/05/23 14:32:11 [emerg] 1#1: host not found in upstream "app" in /etc/nginx/conf.d/nginx.conf:15
2024/05/23 14:44:14 [emerg] 1#1: host not found in upstream "app" in /etc/nginx/conf.d/nginx.conf:15
2024/05/23 14:46:54 [emerg] 1#1: host not found in upstream "app" in /etc/nginx/conf.d/nginx.conf:15
2024/05/23 14:47:36 [notice] 1#1: using the "epoll" event method
2024/05/23 14:47:36 [notice] 1#1: nginx/1.25.5
2024/05/23 14:47:36 [notice] 1#1: built by gcc 13.2.1 20231014 (Alpine 13.2.1_git20231014) 
2024/05/23 14:47:36 [notice] 1#1: OS: Linux 5.15.146.1-microsoft-standard-WSL2
2024/05/23 14:47:36 [notice] 1#1: getrlimit(RLIMIT_NOFILE): 1048576:1048576
2024/05/23 14:47:36 [notice] 1#1: start worker processes
2024/05/23 14:47:36 [notice] 1#1: start worker process 22
2024/05/23 14:47:36 [notice] 1#1: start worker process 23
2024/05/23 14:47:36 [notice] 1#1: start worker process 24
2024/05/23 14:47:36 [notice] 1#1: start worker process 25
2024/05/23 14:47:36 [notice] 1#1: start worker process 26
2024/05/23 14:47:36 [notice] 1#1: start worker process 27
2024/05/23 14:47:36 [notice] 1#1: start worker process 28
2024/05/23 14:47:36 [notice] 1#1: start worker process 29
2024/05/23 14:47:36 [notice] 1#1: start worker process 30
2024/05/23 14:47:36 [notice] 1#1: start worker process 31
2024/05/23 14:47:36 [notice] 1#1: start worker process 32
2024/05/23 14:47:36 [notice] 1#1: start worker process 33
2024/05/23 14:47:36 [notice] 1#1: start worker process 34
2024/05/23 14:47:36 [notice] 1#1: start worker process 35
2024/05/23 14:47:36 [notice] 1#1: start worker process 36
2024/05/23 14:47:36 [notice] 1#1: start worker process 37
2024/06/15 15:33:28 [notice] 1#1: using the "epoll" event method
2024/06/15 15:33:28 [notice] 1#1: nginx/1.25.5
2024/06/15 15:33:28 [notice] 1#1: built by gcc 13.2.1 20231014 (Alpine 13.2.1_git20231014) 
2024/06/15 15:33:28 [notice] 1#1: OS: Linux 5.15.146.1-microsoft-standard-WSL2
2024/06/15 15:33:28 [notice] 1#1: getrlimit(RLIMIT_NOFILE): 1048576:1048576
2024/06/15 15:33:28 [notice] 1#1: start worker processes
2024/06/15 15:33:28 [notice] 1#1: start worker process 22
2024/06/15 15:33:28 [notice] 1#1: start worker process 23
2024/06/15 15:33:28 [notice] 1#1: start worker process 24
2024/06/15 15:33:28 [notice] 1#1: start worker process 25
2024/06/15 15:33:28 [notice] 1#1: start worker process 26
2024/06/15 15:33:28 [notice] 1#1: start worker process 27
2024/06/15 15:33:28 [notice] 1#1: start worker process 28
2024/06/15 15:33:28 [notice] 1#1: start worker process 29
2024/06/15 15:33:28 [notice] 1#1: start worker process 30
2024/06/15 15:33:28 [notice] 1#1: start worker process 31
2024/06/15 15:33:28 [notice] 1#1: start worker process 32
2024/06/15 15:33:28 [notice] 1#1: start worker process 33
2024/06/15 15:33:28 [notice] 1#1: start worker process 34
2024/06/15 15:33:28 [notice] 1#1: start worker process 35
2024/06/15 15:33:28 [notice] 1#1: start worker process 36
2024/06/15 15:33:28 [notice] 1#1: start worker process 37
2024/06/15 15:35:47 [notice] 1#1: signal 3 (SIGQUIT) received, shutting down
2024/06/15 15:35:47 [notice] 22#22: gracefully shutting down
2024/06/15 15:35:47 [notice] 36#36: gracefully shutting down
2024/06/15 15:35:47 [notice] 23#23: gracefully shutting down
2024/06/15 15:35:47 [notice] 23#23: exiting
2024/06/15 15:35:47 [notice] 24#24: gracefully shutting down
2024/06/15 15:35:47 [notice] 26#26: gracefully shutting down
2024/06/15 15:35:47 [notice] 25#25: gracefully shutting down
2024/06/15 15:35:47 [notice] 28#28: gracefully shutting down
2024/06/15 15:35:47 [notice] 27#27: gracefully shutting down
2024/06/15 15:35:47 [notice] 29#29: gracefully shutting down
2024/06/15 15:35:47 [notice] 30#30: gracefully shutting down
2024/06/15 15:35:47 [notice] 31#31: gracefully shutting down
2024/06/15 15:35:47 [notice] 32#32: gracefully shutting down
2024/06/15 15:35:47 [notice] 34#34: gracefully shutting down
2024/06/15 15:35:47 [notice] 33#33: gracefully shutting down
2024/06/15 15:35:47 [notice] 35#35: gracefully shutting down
2024/06/15 15:35:47 [notice] 37#37: gracefully shutting down
2024/06/15 15:35:47 [notice] 22#22: exiting
2024/06/15 15:35:47 [notice] 36#36: exiting
2024/06/15 15:35:47 [notice] 23#23: exit
2024/06/15 15:35:47 [notice] 24#24: exiting
2024/06/15 15:35:47 [notice] 26#26: exiting
2024/06/15 15:35:47 [notice] 25#25: exiting
2024/06/15 15:35:47 [notice] 28#28: exiting
2024/06/15 15:35:47 [notice] 27#27: exiting
2024/06/15 15:35:47 [notice] 29#29: exiting
2024/06/15 15:35:47 [notice] 30#30: exiting
2024/06/15 15:35:47 [notice] 31#31: exiting
2024/06/15 15:35:47 [notice] 32#32: exiting
2024/06/15 15:35:47 [notice] 34#34: exiting
2024/06/15 15:35:47 [notice] 33#33: exiting
2024/06/15 15:35:47 [notice] 35#35: exiting
2024/06/15 15:35:47 [notice] 37#37: exiting
2024/06/15 15:35:47 [notice] 22#22: exit
2024/06/15 15:35:47 [notice] 36#36: exit
2024/06/15 15:35:47 [notice] 24#24: exit
2024/06/15 15:35:47 [notice] 26#26: exit
2024/06/15 15:35:47 [notice] 25#25: exit
2024/06/15 15:35:47 [notice] 28#28: exit
2024/06/15 15:35:47 [notice] 27#27: exit
2024/06/15 15:35:47 [notice] 29#29: exit
2024/06/15 15:35:47 [notice] 30#30: exit
2024/06/15 15:35:47 [notice] 31#31: exit
2024/06/15 15:35:47 [notice] 32#32: exit
2024/06/15 15:35:47 [notice] 34#34: exit
2024/06/15 15:35:47 [notice] 33#33: exit
2024/06/15 15:35:47 [notice] 35#35: exit
2024/06/15 15:35:47 [notice] 37#37: exit
2024/06/15 15:35:47 [notice] 1#1: signal 17 (SIGCHLD) received from 33
2024/06/15 15:35:47 [notice] 1#1: worker process 28 exited with code 0
2024/06/15 15:35:47 [notice] 1#1: worker process 33 exited with code 0
2024/06/15 15:35:47 [notice] 1#1: signal 29 (SIGIO) received
2024/06/15 15:35:47 [notice] 1#1: signal 17 (SIGCHLD) received from 28
2024/06/15 15:35:47 [notice] 1#1: signal 17 (SIGCHLD) received from 27
2024/06/15 15:35:47 [notice] 1#1: worker process 22 exited with code 0
2024/06/15 15:35:47 [notice] 1#1: worker process 23 exited with code 0
2024/06/15 15:35:47 [notice] 1#1: worker process 25 exited with code 0
2024/06/15 15:35:47 [notice] 1#1: worker process 27 exited with code 0
2024/06/15 15:35:47 [notice] 1#1: worker process 30 exited with code 0
2024/06/15 15:35:47 [notice] 1#1: worker process 34 exited with code 0
2024/06/15 15:35:47 [notice] 1#1: worker process 35 exited with code 0
2024/06/15 15:35:47 [notice] 1#1: signal 29 (SIGIO) received
2024/06/15 15:35:47 [notice] 1#1: signal 17 (SIGCHLD) received from 35
2024/06/15 15:35:47 [notice] 1#1: signal 17 (SIGCHLD) received from 36
2024/06/15 15:35:47 [notice] 1#1: worker process 36 exited with code 0
2024/06/15 15:35:47 [notice] 1#1: signal 29 (SIGIO) received
2024/06/15 15:35:47 [notice] 1#1: signal 17 (SIGCHLD) received from 24
2024/06/15 15:35:47 [notice] 1#1: worker process 24 exited with code 0
2024/06/15 15:35:47 [notice] 1#1: worker process 29 exited with code 0
2024/06/15 15:35:47 [notice] 1#1: worker process 32 exited with code 0
2024/06/15 15:35:47 [notice] 1#1: worker process 37 exited with code 0
2024/06/15 15:35:47 [notice] 1#1: signal 29 (SIGIO) received
2024/06/15 15:35:47 [notice] 1#1: signal 17 (SIGCHLD) received from 32
2024/06/15 15:35:47 [notice] 1#1: signal 17 (SIGCHLD) received from 26
2024/06/15 15:35:47 [notice] 1#1: worker process 26 exited with code 0
2024/06/15 15:35:47 [notice] 1#1: worker process 31 exited with code 0
2024/06/15 15:35:47 [notice] 1#1: exit
2024/06/15 15:35:50 [notice] 1#1: using the "epoll" event method
2024/06/15 15:35:50 [notice] 1#1: nginx/1.25.5
2024/06/15 15:35:50 [notice] 1#1: built by gcc 13.2.1 20231014 (Alpine 13.2.1_git20231014) 
2024/06/15 15:35:50 [notice] 1#1: OS: Linux 5.15.146.1-microsoft-standard-WSL2
2024/06/15 15:35:50 [notice] 1#1: getrlimit(RLIMIT_NOFILE): 1048576:1048576
2024/06/15 15:35:50 [notice] 1#1: start worker processes
2024/06/15 15:35:50 [notice] 1#1: start worker process 23
2024/06/15 15:35:50 [notice] 1#1: start worker process 24
2024/06/15 15:35:50 [notice] 1#1: start worker process 25
2024/06/15 15:35:50 [notice] 1#1: start worker process 26
2024/06/15 15:35:50 [notice] 1#1: start worker process 27
2024/06/15 15:35:50 [notice] 1#1: start worker process 28
2024/06/15 15:35:50 [notice] 1#1: start worker process 29
2024/06/15 15:35:50 [notice] 1#1: start worker process 30
2024/06/15 15:35:50 [notice] 1#1: start worker process 31
2024/06/15 15:35:50 [notice] 1#1: start worker process 32
2024/06/15 15:35:50 [notice] 1#1: start worker process 33
2024/06/15 15:35:50 [notice] 1#1: start worker process 34
2024/06/15 15:35:50 [notice] 1#1: start worker process 35
2024/06/15 15:35:50 [notice] 1#1: start worker process 36
2024/06/15 15:35:50 [notice] 1#1: start worker process 37
2024/06/15 15:35:50 [notice] 1#1: start worker process 38
2024/06/15 15:38:17 [notice] 1#1: signal 3 (SIGQUIT) received, shutting down
2024/06/15 15:38:17 [notice] 23#23: gracefully shutting down
2024/06/15 15:38:17 [notice] 38#38: gracefully shutting down
2024/06/15 15:38:17 [notice] 24#24: gracefully shutting down
2024/06/15 15:38:17 [notice] 25#25: gracefully shutting down
2024/06/15 15:38:17 [notice] 26#26: gracefully shutting down
2024/06/15 15:38:17 [notice] 27#27: gracefully shutting down
2024/06/15 15:38:17 [notice] 30#30: gracefully shutting down
2024/06/15 15:38:17 [notice] 29#29: gracefully shutting down
2024/06/15 15:38:17 [notice] 28#28: gracefully shutting down
2024/06/15 15:38:17 [notice] 31#31: gracefully shutting down
2024/06/15 15:38:17 [notice] 32#32: gracefully shutting down
2024/06/15 15:38:17 [notice] 33#33: gracefully shutting down
2024/06/15 15:38:17 [notice] 34#34: gracefully shutting down
2024/06/15 15:38:17 [notice] 35#35: gracefully shutting down
2024/06/15 15:38:17 [notice] 36#36: gracefully shutting down
2024/06/15 15:38:17 [notice] 37#37: gracefully shutting down
2024/06/15 15:38:17 [notice] 23#23: exiting
2024/06/15 15:38:17 [notice] 38#38: exiting
2024/06/15 15:38:17 [notice] 24#24: exiting
2024/06/15 15:38:17 [notice] 25#25: exiting
2024/06/15 15:38:17 [notice] 26#26: exiting
2024/06/15 15:38:17 [notice] 27#27: exiting
2024/06/15 15:38:17 [notice] 30#30: exiting
2024/06/15 15:38:17 [notice] 29#29: exiting
2024/06/15 15:38:17 [notice] 28#28: exiting
2024/06/15 15:38:17 [notice] 31#31: exiting
2024/06/15 15:38:17 [notice] 32#32: exiting
2024/06/15 15:38:17 [notice] 33#33: exiting
2024/06/15 15:38:17 [notice] 34#34: exiting
2024/06/15 15:38:17 [notice] 35#35: exiting
2024/06/15 15:38:17 [notice] 36#36: exiting
2024/06/15 15:38:17 [notice] 37#37: exiting
2024/06/15 15:38:17 [notice] 23#23: exit
2024/06/15 15:38:17 [notice] 38#38: exit
2024/06/15 15:38:17 [notice] 24#24: exit
2024/06/15 15:38:17 [notice] 25#25: exit
2024/06/15 15:38:17 [notice] 26#26: exit
2024/06/15 15:38:17 [notice] 27#27: exit
2024/06/15 15:38:17 [notice] 30#30: exit
2024/06/15 15:38:17 [notice] 29#29: exit
2024/06/15 15:38:17 [notice] 28#28: exit
2024/06/15 15:38:17 [notice] 31#31: exit
2024/06/15 15:38:17 [notice] 32#32: exit
2024/06/15 15:38:17 [notice] 33#33: exit
2024/06/15 15:38:17 [notice] 34#34: exit
2024/06/15 15:38:17 [notice] 35#35: exit
2024/06/15 15:38:17 [notice] 36#36: exit
2024/06/15 15:38:17 [notice] 37#37: exit
2024/06/15 15:38:17 [notice] 1#1: signal 17 (SIGCHLD) received from 34
2024/06/15 15:38:17 [notice] 1#1: worker process 24 exited with code 0
2024/06/15 15:38:17 [notice] 1#1: worker process 25 exited with code 0
2024/06/15 15:38:17 [notice] 1#1: worker process 26 exited with code 0
2024/06/15 15:38:17 [notice] 1#1: worker process 27 exited with code 0
2024/06/15 15:38:17 [notice] 1#1: worker process 28 exited with code 0
2024/06/15 15:38:17 [notice] 1#1: worker process 29 exited with code 0
2024/06/15 15:38:17 [notice] 1#1: worker process 30 exited with code 0
2024/06/15 15:38:17 [notice] 1#1: worker process 31 exited with code 0
2024/06/15 15:38:17 [notice] 1#1: worker process 32 exited with code 0
2024/06/15 15:38:17 [notice] 1#1: worker process 33 exited with code 0
2024/06/15 15:38:17 [notice] 1#1: worker process 34 exited with code 0
2024/06/15 15:38:17 [notice] 1#1: worker process 35 exited with code 0
2024/06/15 15:38:17 [notice] 1#1: worker process 36 exited with code 0
2024/06/15 15:38:17 [notice] 1#1: worker process 38 exited with code 0
2024/06/15 15:38:17 [notice] 1#1: signal 29 (SIGIO) received
2024/06/15 15:38:17 [notice] 1#1: signal 17 (SIGCHLD) received from 25
2024/06/15 15:38:17 [notice] 1#1: signal 17 (SIGCHLD) received from 37
2024/06/15 15:38:17 [notice] 1#1: worker process 23 exited with code 0
2024/06/15 15:38:17 [notice] 1#1: worker process 37 exited with code 0
2024/06/15 15:38:17 [notice] 1#1: exit
2024/06/15 15:38:20 [notice] 1#1: using the "epoll" event method
2024/06/15 15:38:20 [notice] 1#1: nginx/1.25.5
2024/06/15 15:38:20 [notice] 1#1: built by gcc 13.2.1 20231014 (Alpine 13.2.1_git20231014) 
2024/06/15 15:38:20 [notice] 1#1: OS: Linux 5.15.146.1-microsoft-standard-WSL2
2024/06/15 15:38:20 [notice] 1#1: getrlimit(RLIMIT_NOFILE): 1048576:1048576
2024/06/15 15:38:20 [notice] 1#1: start worker processes
2024/06/15 15:38:20 [notice] 1#1: start worker process 22
2024/06/15 15:38:20 [notice] 1#1: start worker process 23
2024/06/15 15:38:20 [notice] 1#1: start worker process 24
2024/06/15 15:38:20 [notice] 1#1: start worker process 25
2024/06/15 15:38:20 [notice] 1#1: start worker process 26
2024/06/15 15:38:20 [notice] 1#1: start worker process 27
2024/06/15 15:38:20 [notice] 1#1: start worker process 28
2024/06/15 15:38:20 [notice] 1#1: start worker process 29
2024/06/15 15:38:20 [notice] 1#1: start worker process 30
2024/06/15 15:38:20 [notice] 1#1: start worker process 31
2024/06/15 15:38:20 [notice] 1#1: start worker process 32
2024/06/15 15:38:20 [notice] 1#1: start worker process 33
2024/06/15 15:38:20 [notice] 1#1: start worker process 34
2024/06/15 15:38:20 [notice] 1#1: start worker process 35
2024/06/15 15:38:20 [notice] 1#1: start worker process 36
2024/06/15 15:38:20 [notice] 1#1: start worker process 37
2024/06/15 15:56:16 [notice] 1#1: signal 3 (SIGQUIT) received, shutting down
2024/06/15 15:56:16 [notice] 23#23: gracefully shutting down
2024/06/15 15:56:16 [notice] 22#22: gracefully shutting down
2024/06/15 15:56:16 [notice] 24#24: gracefully shutting down
2024/06/15 15:56:16 [notice] 25#25: gracefully shutting down
2024/06/15 15:56:16 [notice] 26#26: gracefully shutting down
2024/06/15 15:56:16 [notice] 29#29: gracefully shutting down
2024/06/15 15:56:16 [notice] 31#31: gracefully shutting down
2024/06/15 15:56:16 [notice] 28#28: gracefully shutting down
2024/06/15 15:56:16 [notice] 30#30: gracefully shutting down
2024/06/15 15:56:16 [notice] 32#32: gracefully shutting down
2024/06/15 15:56:16 [notice] 27#27: gracefully shutting down
2024/06/15 15:56:16 [notice] 33#33: gracefully shutting down
2024/06/15 15:56:16 [notice] 34#34: gracefully shutting down
2024/06/15 15:56:16 [notice] 35#35: gracefully shutting down
2024/06/15 15:56:16 [notice] 36#36: gracefully shutting down
2024/06/15 15:56:16 [notice] 37#37: gracefully shutting down
2024/06/15 15:56:16 [notice] 23#23: exiting
2024/06/15 15:56:16 [notice] 22#22: exiting
2024/06/15 15:56:16 [notice] 24#24: exiting
2024/06/15 15:56:16 [notice] 25#25: exiting
2024/06/15 15:56:16 [notice] 26#26: exiting
2024/06/15 15:56:16 [notice] 29#29: exiting
2024/06/15 15:56:16 [notice] 31#31: exiting
2024/06/15 15:56:16 [notice] 28#28: exiting
2024/06/15 15:56:16 [notice] 30#30: exiting
2024/06/15 15:56:16 [notice] 32#32: exiting
2024/06/15 15:56:16 [notice] 27#27: exiting
2024/06/15 15:56:16 [notice] 33#33: exiting
2024/06/15 15:56:16 [notice] 34#34: exiting
2024/06/15 15:56:16 [notice] 35#35: exiting
2024/06/15 15:56:16 [notice] 36#36: exiting
2024/06/15 15:56:16 [notice] 37#37: exiting
2024/06/15 15:56:16 [notice] 23#23: exit
2024/06/15 15:56:16 [notice] 22#22: exit
2024/06/15 15:56:16 [notice] 24#24: exit
2024/06/15 15:56:16 [notice] 25#25: exit
2024/06/15 15:56:16 [notice] 26#26: exit
2024/06/15 15:56:16 [notice] 29#29: exit
2024/06/15 15:56:16 [notice] 31#31: exit
2024/06/15 15:56:16 [notice] 28#28: exit
2024/06/15 15:56:16 [notice] 30#30: exit
2024/06/15 15:56:16 [notice] 32#32: exit
2024/06/15 15:56:16 [notice] 27#27: exit
2024/06/15 15:56:16 [notice] 33#33: exit
2024/06/15 15:56:16 [notice] 34#34: exit
2024/06/15 15:56:16 [notice] 35#35: exit
2024/06/15 15:56:16 [notice] 36#36: exit
2024/06/15 15:56:16 [notice] 37#37: exit
2024/06/15 15:56:16 [notice] 1#1: signal 17 (SIGCHLD) received from 34
2024/06/15 15:56:16 [notice] 1#1: worker process 24 exited with code 0
2024/06/15 15:56:16 [notice] 1#1: worker process 29 exited with code 0
2024/06/15 15:56:16 [notice] 1#1: worker process 33 exited with code 0
2024/06/15 15:56:16 [notice] 1#1: worker process 34 exited with code 0
2024/06/15 15:56:16 [notice] 1#1: worker process 35 exited with code 0
2024/06/15 15:56:16 [notice] 1#1: signal 29 (SIGIO) received
2024/06/15 15:56:16 [notice] 1#1: signal 17 (SIGCHLD) received from 24
2024/06/15 15:56:16 [notice] 1#1: signal 17 (SIGCHLD) received from 26
2024/06/15 15:56:16 [notice] 1#1: worker process 22 exited with code 0
2024/06/15 15:56:16 [notice] 1#1: worker process 23 exited with code 0
2024/06/15 15:56:16 [notice] 1#1: worker process 26 exited with code 0
2024/06/15 15:56:16 [notice] 1#1: worker process 27 exited with code 0
2024/06/15 15:56:16 [notice] 1#1: worker process 28 exited with code 0
2024/06/15 15:56:16 [notice] 1#1: worker process 31 exited with code 0
2024/06/15 15:56:16 [notice] 1#1: worker process 32 exited with code 0
2024/06/15 15:56:16 [notice] 1#1: worker process 36 exited with code 0
2024/06/15 15:56:16 [notice] 1#1: worker process 37 exited with code 0
2024/06/15 15:56:16 [notice] 1#1: signal 29 (SIGIO) received
2024/06/15 15:56:16 [notice] 1#1: signal 17 (SIGCHLD) received from 27
2024/06/15 15:56:16 [notice] 1#1: signal 17 (SIGCHLD) received from 30
2024/06/15 15:56:16 [notice] 1#1: worker process 25 exited with code 0
2024/06/15 15:56:16 [notice] 1#1: worker process 30 exited with code 0
2024/06/15 15:56:16 [notice] 1#1: exit
2024/06/15 15:56:18 [notice] 1#1: using the "epoll" event method
2024/06/15 15:56:18 [notice] 1#1: nginx/1.25.5
2024/06/15 15:56:18 [notice] 1#1: built by gcc 13.2.1 20231014 (Alpine 13.2.1_git20231014) 
2024/06/15 15:56:18 [notice] 1#1: OS: Linux 5.15.146.1-microsoft-standard-WSL2
2024/06/15 15:56:18 [notice] 1#1: getrlimit(RLIMIT_NOFILE): 1048576:1048576
2024/06/15 15:56:18 [notice] 1#1: start worker processes
2024/06/15 15:56:18 [notice] 1#1: start worker process 22
2024/06/15 15:56:18 [notice] 1#1: start worker process 23
2024/06/15 15:56:18 [notice] 1#1: start worker process 24
2024/06/15 15:56:18 [notice] 1#1: start worker process 25
2024/06/15 15:56:18 [notice] 1#1: start worker process 26
2024/06/15 15:56:18 [notice] 1#1: start worker process 27
2024/06/15 15:56:18 [notice] 1#1: start worker process 28
2024/06/15 15:56:18 [notice] 1#1: start worker process 29
2024/06/15 15:56:18 [notice] 1#1: start worker process 30
2024/06/15 15:56:18 [notice] 1#1: start worker process 31
2024/06/15 15:56:18 [notice] 1#1: start worker process 32
2024/06/15 15:56:18 [notice] 1#1: start worker process 33
2024/06/15 15:56:18 [notice] 1#1: start worker process 34
2024/06/15 15:56:18 [notice] 1#1: start worker process 35
2024/06/15 15:56:18 [notice] 1#1: start worker process 36
2024/06/15 15:56:18 [notice] 1#1: start worker process 37
2024/06/15 15:58:11 [notice] 1#1: signal 3 (SIGQUIT) received, shutting down
2024/06/15 15:58:11 [notice] 22#22: gracefully shutting down
2024/06/15 15:58:11 [notice] 31#31: gracefully shutting down
2024/06/15 15:58:11 [notice] 23#23: gracefully shutting down
2024/06/15 15:58:11 [notice] 24#24: gracefully shutting down
2024/06/15 15:58:11 [notice] 25#25: gracefully shutting down
2024/06/15 15:58:11 [notice] 26#26: gracefully shutting down
2024/06/15 15:58:11 [notice] 27#27: gracefully shutting down
2024/06/15 15:58:11 [notice] 28#28: gracefully shutting down
2024/06/15 15:58:11 [notice] 29#29: gracefully shutting down
2024/06/15 15:58:11 [notice] 30#30: gracefully shutting down
2024/06/15 15:58:11 [notice] 32#32: gracefully shutting down
2024/06/15 15:58:11 [notice] 34#34: gracefully shutting down
2024/06/15 15:58:11 [notice] 33#33: gracefully shutting down
2024/06/15 15:58:11 [notice] 33#33: exiting
2024/06/15 15:58:11 [notice] 22#22: exiting
2024/06/15 15:58:11 [notice] 35#35: gracefully shutting down
2024/06/15 15:58:11 [notice] 36#36: gracefully shutting down
2024/06/15 15:58:11 [notice] 37#37: gracefully shutting down
2024/06/15 15:58:11 [notice] 31#31: exiting
2024/06/15 15:58:11 [notice] 23#23: exiting
2024/06/15 15:58:11 [notice] 31#31: exit
2024/06/15 15:58:11 [notice] 24#24: exiting
2024/06/15 15:58:11 [notice] 25#25: exiting
2024/06/15 15:58:11 [notice] 26#26: exiting
2024/06/15 15:58:11 [notice] 27#27: exiting
2024/06/15 15:58:11 [notice] 28#28: exiting
2024/06/15 15:58:11 [notice] 29#29: exiting
2024/06/15 15:58:11 [notice] 30#30: exiting
2024/06/15 15:58:11 [notice] 32#32: exiting
2024/06/15 15:58:11 [notice] 34#34: exiting
2024/06/15 15:58:11 [notice] 33#33: exit
2024/06/15 15:58:11 [notice] 22#22: exit
2024/06/15 15:58:11 [notice] 35#35: exiting
2024/06/15 15:58:11 [notice] 36#36: exiting
2024/06/15 15:58:11 [notice] 37#37: exiting
2024/06/15 15:58:11 [notice] 23#23: exit
2024/06/15 15:58:11 [notice] 24#24: exit
2024/06/15 15:58:11 [notice] 25#25: exit
2024/06/15 15:58:11 [notice] 26#26: exit
2024/06/15 15:58:11 [notice] 27#27: exit
2024/06/15 15:58:11 [notice] 28#28: exit
2024/06/15 15:58:11 [notice] 29#29: exit
2024/06/15 15:58:11 [notice] 30#30: exit
2024/06/15 15:58:11 [notice] 32#32: exit
2024/06/15 15:58:11 [notice] 34#34: exit
2024/06/15 15:58:11 [notice] 35#35: exit
2024/06/15 15:58:11 [notice] 36#36: exit
2024/06/15 15:58:11 [notice] 37#37: exit
2024/06/15 15:58:11 [notice] 1#1: signal 17 (SIGCHLD) received from 25
2024/06/15 15:58:11 [notice] 1#1: worker process 22 exited with code 0
2024/06/15 15:58:11 [notice] 1#1: worker process 23 exited with code 0
2024/06/15 15:58:11 [notice] 1#1: worker process 24 exited with code 0
2024/06/15 15:58:11 [notice] 1#1: worker process 25 exited with code 0
2024/06/15 15:58:11 [notice] 1#1: worker process 27 exited with code 0
2024/06/15 15:58:11 [notice] 1#1: worker process 28 exited with code 0
2024/06/15 15:58:11 [notice] 1#1: worker process 29 exited with code 0
2024/06/15 15:58:11 [notice] 1#1: worker process 31 exited with code 0
2024/06/15 15:58:11 [notice] 1#1: worker process 32 exited with code 0
2024/06/15 15:58:11 [notice] 1#1: worker process 33 exited with code 0
2024/06/15 15:58:11 [notice] 1#1: signal 29 (SIGIO) received
2024/06/15 15:58:11 [notice] 1#1: signal 17 (SIGCHLD) received from 29
2024/06/15 15:58:11 [notice] 1#1: signal 17 (SIGCHLD) received from 35
2024/06/15 15:58:11 [notice] 1#1: worker process 26 exited with code 0
2024/06/15 15:58:11 [notice] 1#1: worker process 30 exited with code 0
2024/06/15 15:58:11 [notice] 1#1: worker process 34 exited with code 0
2024/06/15 15:58:11 [notice] 1#1: worker process 35 exited with code 0
2024/06/15 15:58:11 [notice] 1#1: worker process 37 exited with code 0
2024/06/15 15:58:11 [notice] 1#1: signal 29 (SIGIO) received
2024/06/15 15:58:11 [notice] 1#1: signal 17 (SIGCHLD) received from 26
2024/06/15 15:58:11 [notice] 1#1: signal 17 (SIGCHLD) received from 36
2024/06/15 15:58:11 [notice] 1#1: worker process 36 exited with code 0
2024/06/15 15:58:11 [notice] 1#1: exit
2024/06/15 15:58:13 [notice] 1#1: using the "epoll" event method
2024/06/15 15:58:13 [notice] 1#1: nginx/1.25.5
2024/06/15 15:58:13 [notice] 1#1: built by gcc 13.2.1 20231014 (Alpine 13.2.1_git20231014) 
2024/06/15 15:58:13 [notice] 1#1: OS: Linux 5.15.146.1-microsoft-standard-WSL2
2024/06/15 15:58:13 [notice] 1#1: getrlimit(RLIMIT_NOFILE): 1048576:1048576
2024/06/15 15:58:13 [notice] 1#1: start worker processes
2024/06/15 15:58:13 [notice] 1#1: start worker process 22
2024/06/15 15:58:13 [notice] 1#1: start worker process 23
2024/06/15 15:58:13 [notice] 1#1: start worker process 24
2024/06/15 15:58:13 [notice] 1#1: start worker process 25
2024/06/15 15:58:13 [notice] 1#1: start worker process 26
2024/06/15 15:58:13 [notice] 1#1: start worker process 27
2024/06/15 15:58:13 [notice] 1#1: start worker process 28
2024/06/15 15:58:13 [notice] 1#1: start worker process 29
2024/06/15 15:58:13 [notice] 1#1: start worker process 30
2024/06/15 15:58:13 [notice] 1#1: start worker process 31
2024/06/15 15:58:13 [notice] 1#1: start worker process 32
2024/06/15 15:58:13 [notice] 1#1: start worker process 33
2024/06/15 15:58:13 [notice] 1#1: start worker process 34
2024/06/15 15:58:13 [notice] 1#1: start worker process 35
2024/06/15 15:58:13 [notice] 1#1: start worker process 36
2024/06/15 15:58:13 [notice] 1#1: start worker process 37
2024/06/15 16:25:40 [notice] 1#1: signal 3 (SIGQUIT) received, shutting down
2024/06/15 16:25:40 [notice] 23#23: gracefully shutting down
2024/06/15 16:25:40 [notice] 34#34: gracefully shutting down
2024/06/15 16:25:40 [notice] 22#22: gracefully shutting down
2024/06/15 16:25:40 [notice] 24#24: gracefully shutting down
2024/06/15 16:25:40 [notice] 25#25: gracefully shutting down
2024/06/15 16:25:40 [notice] 27#27: gracefully shutting down
2024/06/15 16:25:40 [notice] 26#26: gracefully shutting down
2024/06/15 16:25:40 [notice] 28#28: gracefully shutting down
2024/06/15 16:25:40 [notice] 29#29: gracefully shutting down
2024/06/15 16:25:40 [notice] 30#30: gracefully shutting down
2024/06/15 16:25:40 [notice] 31#31: gracefully shutting down
2024/06/15 16:25:40 [notice] 32#32: gracefully shutting down
2024/06/15 16:25:40 [notice] 33#33: gracefully shutting down
2024/06/15 16:25:40 [notice] 35#35: gracefully shutting down
2024/06/15 16:25:40 [notice] 36#36: gracefully shutting down
2024/06/15 16:25:40 [notice] 37#37: gracefully shutting down
2024/06/15 16:25:40 [notice] 23#23: exiting
2024/06/15 16:25:40 [notice] 34#34: exiting
2024/06/15 16:25:40 [notice] 22#22: exiting
2024/06/15 16:25:40 [notice] 24#24: exiting
2024/06/15 16:25:40 [notice] 25#25: exiting
2024/06/15 16:25:40 [notice] 27#27: exiting
2024/06/15 16:25:40 [notice] 26#26: exiting
2024/06/15 16:25:40 [notice] 28#28: exiting
2024/06/15 16:25:40 [notice] 29#29: exiting
2024/06/15 16:25:40 [notice] 30#30: exiting
2024/06/15 16:25:40 [notice] 31#31: exiting
2024/06/15 16:25:40 [notice] 32#32: exiting
2024/06/15 16:25:40 [notice] 33#33: exiting
2024/06/15 16:25:40 [notice] 35#35: exiting
2024/06/15 16:25:40 [notice] 36#36: exiting
2024/06/15 16:25:40 [notice] 37#37: exiting
2024/06/15 16:25:40 [notice] 23#23: exit
2024/06/15 16:25:40 [notice] 34#34: exit
2024/06/15 16:25:40 [notice] 22#22: exit
2024/06/15 16:25:40 [notice] 24#24: exit
2024/06/15 16:25:40 [notice] 25#25: exit
2024/06/15 16:25:40 [notice] 27#27: exit
2024/06/15 16:25:40 [notice] 26#26: exit
2024/06/15 16:25:40 [notice] 28#28: exit
2024/06/15 16:25:40 [notice] 29#29: exit
2024/06/15 16:25:40 [notice] 30#30: exit
2024/06/15 16:25:40 [notice] 31#31: exit
2024/06/15 16:25:40 [notice] 32#32: exit
2024/06/15 16:25:40 [notice] 33#33: exit
2024/06/15 16:25:40 [notice] 35#35: exit
2024/06/15 16:25:40 [notice] 36#36: exit
2024/06/15 16:25:40 [notice] 37#37: exit
2024/06/15 16:25:40 [notice] 1#1: signal 17 (SIGCHLD) received from 27
2024/06/15 16:25:40 [notice] 1#1: worker process 22 exited with code 0
2024/06/15 16:25:40 [notice] 1#1: worker process 24 exited with code 0
2024/06/15 16:25:40 [notice] 1#1: worker process 25 exited with code 0
2024/06/15 16:25:40 [notice] 1#1: worker process 27 exited with code 0
2024/06/15 16:25:40 [notice] 1#1: worker process 29 exited with code 0
2024/06/15 16:25:40 [notice] 1#1: worker process 30 exited with code 0
2024/06/15 16:25:40 [notice] 1#1: worker process 31 exited with code 0
2024/06/15 16:25:40 [notice] 1#1: worker process 33 exited with code 0
2024/06/15 16:25:40 [notice] 1#1: worker process 35 exited with code 0
2024/06/15 16:25:40 [notice] 1#1: worker process 36 exited with code 0
2024/06/15 16:25:40 [notice] 1#1: worker process 37 exited with code 0
2024/06/15 16:25:40 [notice] 1#1: signal 29 (SIGIO) received
2024/06/15 16:25:40 [notice] 1#1: signal 17 (SIGCHLD) received from 25
2024/06/15 16:25:40 [notice] 1#1: signal 17 (SIGCHLD) received from 34
2024/06/15 16:25:40 [notice] 1#1: worker process 26 exited with code 0
2024/06/15 16:25:40 [notice] 1#1: worker process 34 exited with code 0
2024/06/15 16:25:40 [notice] 1#1: signal 29 (SIGIO) received
2024/06/15 16:25:40 [notice] 1#1: signal 17 (SIGCHLD) received from 26
2024/06/15 16:25:40 [notice] 1#1: signal 17 (SIGCHLD) received from 23
2024/06/15 16:25:40 [notice] 1#1: worker process 23 exited with code 0
2024/06/15 16:25:40 [notice] 1#1: worker process 28 exited with code 0
2024/06/15 16:25:40 [notice] 1#1: worker process 32 exited with code 0
2024/06/15 16:25:40 [notice] 1#1: exit
2024/06/15 16:25:42 [notice] 1#1: using the "epoll" event method
2024/06/15 16:25:42 [notice] 1#1: nginx/1.25.5
2024/06/15 16:25:42 [notice] 1#1: built by gcc 13.2.1 20231014 (Alpine 13.2.1_git20231014) 
2024/06/15 16:25:42 [notice] 1#1: OS: Linux 5.15.146.1-microsoft-standard-WSL2
2024/06/15 16:25:42 [notice] 1#1: getrlimit(RLIMIT_NOFILE): 1048576:1048576
2024/06/15 16:25:42 [notice] 1#1: start worker processes
2024/06/15 16:25:42 [notice] 1#1: start worker process 22
2024/06/15 16:25:42 [notice] 1#1: start worker process 23
2024/06/15 16:25:42 [notice] 1#1: start worker process 24
2024/06/15 16:25:42 [notice] 1#1: start worker process 25
2024/06/15 16:25:42 [notice] 1#1: start worker process 26
2024/06/15 16:25:42 [notice] 1#1: start worker process 27
2024/06/15 16:25:42 [notice] 1#1: start worker process 28
2024/06/15 16:25:42 [notice] 1#1: start worker process 29
2024/06/15 16:25:42 [notice] 1#1: start worker process 30
2024/06/15 16:25:42 [notice] 1#1: start worker process 31
2024/06/15 16:25:42 [notice] 1#1: start worker process 32
2024/06/15 16:25:42 [notice] 1#1: start worker process 33
2024/06/15 16:25:42 [notice] 1#1: start worker process 34
2024/06/15 16:25:42 [notice] 1#1: start worker process 35
2024/06/15 16:25:42 [notice] 1#1: start worker process 36
2024/06/15 16:25:42 [notice] 1#1: start worker process 37
2024/06/15 16:30:53 [notice] 1#1: signal 3 (SIGQUIT) received, shutting down
2024/06/15 16:30:53 [notice] 22#22: gracefully shutting down
2024/06/15 16:30:53 [notice] 33#33: gracefully shutting down
2024/06/15 16:30:53 [notice] 23#23: gracefully shutting down
2024/06/15 16:30:53 [notice] 24#24: gracefully shutting down
2024/06/15 16:30:53 [notice] 25#25: gracefully shutting down
2024/06/15 16:30:53 [notice] 26#26: gracefully shutting down
2024/06/15 16:30:53 [notice] 27#27: gracefully shutting down
2024/06/15 16:30:53 [notice] 28#28: gracefully shutting down
2024/06/15 16:30:53 [notice] 29#29: gracefully shutting down
2024/06/15 16:30:53 [notice] 30#30: gracefully shutting down
2024/06/15 16:30:53 [notice] 31#31: gracefully shutting down
2024/06/15 16:30:53 [notice] 31#31: exiting
2024/06/15 16:30:53 [notice] 32#32: gracefully shutting down
2024/06/15 16:30:53 [notice] 32#32: exiting
2024/06/15 16:30:53 [notice] 34#34: gracefully shutting down
2024/06/15 16:30:53 [notice] 22#22: exiting
2024/06/15 16:30:53 [notice] 35#35: gracefully shutting down
2024/06/15 16:30:53 [notice] 36#36: gracefully shutting down
2024/06/15 16:30:53 [notice] 36#36: exiting
2024/06/15 16:30:53 [notice] 37#37: gracefully shutting down
2024/06/15 16:30:53 [notice] 33#33: exiting
2024/06/15 16:30:53 [notice] 23#23: exiting
2024/06/15 16:30:53 [notice] 24#24: exiting
2024/06/15 16:30:53 [notice] 25#25: exiting
2024/06/15 16:30:53 [notice] 26#26: exiting
2024/06/15 16:30:53 [notice] 27#27: exiting
2024/06/15 16:30:53 [notice] 28#28: exiting
2024/06/15 16:30:53 [notice] 29#29: exiting
2024/06/15 16:30:53 [notice] 30#30: exiting
2024/06/15 16:30:53 [notice] 31#31: exit
2024/06/15 16:30:53 [notice] 32#32: exit
2024/06/15 16:30:53 [notice] 34#34: exiting
2024/06/15 16:30:53 [notice] 22#22: exit
2024/06/15 16:30:53 [notice] 35#35: exiting
2024/06/15 16:30:53 [notice] 36#36: exit
2024/06/15 16:30:53 [notice] 37#37: exiting
2024/06/15 16:30:53 [notice] 33#33: exit
2024/06/15 16:30:53 [notice] 23#23: exit
2024/06/15 16:30:53 [notice] 24#24: exit
2024/06/15 16:30:53 [notice] 25#25: exit
2024/06/15 16:30:53 [notice] 26#26: exit
2024/06/15 16:30:53 [notice] 27#27: exit
2024/06/15 16:30:53 [notice] 28#28: exit
2024/06/15 16:30:53 [notice] 29#29: exit
2024/06/15 16:30:53 [notice] 30#30: exit
2024/06/15 16:30:53 [notice] 34#34: exit
2024/06/15 16:30:53 [notice] 35#35: exit
2024/06/15 16:30:53 [notice] 37#37: exit
2024/06/15 16:30:53 [notice] 1#1: signal 17 (SIGCHLD) received from 30
2024/06/15 16:30:53 [notice] 1#1: worker process 24 exited with code 0
2024/06/15 16:30:53 [notice] 1#1: worker process 30 exited with code 0
2024/06/15 16:30:53 [notice] 1#1: signal 29 (SIGIO) received
2024/06/15 16:30:53 [notice] 1#1: signal 17 (SIGCHLD) received from 24
2024/06/15 16:30:53 [notice] 1#1: signal 17 (SIGCHLD) received from 37
2024/06/15 16:30:53 [notice] 1#1: worker process 37 exited with code 0
2024/06/15 16:30:53 [notice] 1#1: signal 29 (SIGIO) received
2024/06/15 16:30:53 [notice] 1#1: signal 17 (SIGCHLD) received from 22
2024/06/15 16:30:53 [notice] 1#1: worker process 22 exited with code 0
2024/06/15 16:30:53 [notice] 1#1: worker process 23 exited with code 0
2024/06/15 16:30:53 [notice] 1#1: worker process 25 exited with code 0
2024/06/15 16:30:53 [notice] 1#1: worker process 29 exited with code 0
2024/06/15 16:30:53 [notice] 1#1: worker process 31 exited with code 0
2024/06/15 16:30:53 [notice] 1#1: worker process 35 exited with code 0
2024/06/15 16:30:53 [notice] 1#1: worker process 36 exited with code 0
2024/06/15 16:30:53 [notice] 1#1: signal 29 (SIGIO) received
2024/06/15 16:30:53 [notice] 1#1: signal 17 (SIGCHLD) received from 31
2024/06/15 16:30:53 [notice] 1#1: signal 17 (SIGCHLD) received from 34
2024/06/15 16:30:53 [notice] 1#1: worker process 26 exited with code 0
2024/06/15 16:30:53 [notice] 1#1: worker process 28 exited with code 0
2024/06/15 16:30:53 [notice] 1#1: worker process 32 exited with code 0
2024/06/15 16:30:53 [notice] 1#1: worker process 34 exited with code 0
2024/06/15 16:30:53 [notice] 1#1: signal 29 (SIGIO) received
2024/06/15 16:30:53 [notice] 1#1: signal 17 (SIGCHLD) received from 26
2024/06/15 16:30:53 [notice] 1#1: signal 17 (SIGCHLD) received from 27
2024/06/15 16:30:53 [notice] 1#1: worker process 27 exited with code 0
2024/06/15 16:30:53 [notice] 1#1: worker process 33 exited with code 0
2024/06/15 16:30:53 [notice] 1#1: exit
2024/06/15 16:30:56 [notice] 1#1: using the "epoll" event method
2024/06/15 16:30:56 [notice] 1#1: nginx/1.25.5
2024/06/15 16:30:56 [notice] 1#1: built by gcc 13.2.1 20231014 (Alpine 13.2.1_git20231014) 
2024/06/15 16:30:56 [notice] 1#1: OS: Linux 5.15.146.1-microsoft-standard-WSL2
2024/06/15 16:30:56 [notice] 1#1: getrlimit(RLIMIT_NOFILE): 1048576:1048576
2024/06/15 16:30:56 [notice] 1#1: start worker processes
2024/06/15 16:30:56 [notice] 1#1: start worker process 22
2024/06/15 16:30:56 [notice] 1#1: start worker process 23
2024/06/15 16:30:56 [notice] 1#1: start worker process 24
2024/06/15 16:30:56 [notice] 1#1: start worker process 25
2024/06/15 16:30:56 [notice] 1#1: start worker process 26
2024/06/15 16:30:56 [notice] 1#1: start worker process 27
2024/06/15 16:30:56 [notice] 1#1: start worker process 28
2024/06/15 16:30:56 [notice] 1#1: start worker process 29
2024/06/15 16:30:56 [notice] 1#1: start worker process 30
2024/06/15 16:30:56 [notice] 1#1: start worker process 31
2024/06/15 16:30:56 [notice] 1#1: start worker process 32
2024/06/15 16:30:56 [notice] 1#1: start worker process 33
2024/06/15 16:30:56 [notice] 1#1: start worker process 34
2024/06/15 16:30:56 [notice] 1#1: start worker process 35
2024/06/15 16:30:56 [notice] 1#1: start worker process 36
2024/06/15 16:30:56 [notice] 1#1: start worker process 37
2024/06/15 16:34:58 [notice] 1#1: signal 3 (SIGQUIT) received, shutting down
2024/06/15 16:34:58 [notice] 22#22: gracefully shutting down
2024/06/15 16:34:58 [notice] 32#32: gracefully shutting down
2024/06/15 16:34:58 [notice] 24#24: gracefully shutting down
2024/06/15 16:34:58 [notice] 25#25: gracefully shutting down
2024/06/15 16:34:58 [notice] 23#23: gracefully shutting down
2024/06/15 16:34:58 [notice] 26#26: gracefully shutting down
2024/06/15 16:34:58 [notice] 27#27: gracefully shutting down
2024/06/15 16:34:58 [notice] 28#28: gracefully shutting down
2024/06/15 16:34:58 [notice] 29#29: gracefully shutting down
2024/06/15 16:34:58 [notice] 30#30: gracefully shutting down
2024/06/15 16:34:58 [notice] 31#31: gracefully shutting down
2024/06/15 16:34:58 [notice] 33#33: gracefully shutting down
2024/06/15 16:34:58 [notice] 22#22: exiting
2024/06/15 16:34:58 [notice] 35#35: gracefully shutting down
2024/06/15 16:34:58 [notice] 34#34: gracefully shutting down
2024/06/15 16:34:58 [notice] 36#36: gracefully shutting down
2024/06/15 16:34:58 [notice] 37#37: gracefully shutting down
2024/06/15 16:34:58 [notice] 32#32: exiting
2024/06/15 16:34:58 [notice] 24#24: exiting
2024/06/15 16:34:58 [notice] 25#25: exiting
2024/06/15 16:34:58 [notice] 23#23: exiting
2024/06/15 16:34:58 [notice] 26#26: exiting
2024/06/15 16:34:58 [notice] 27#27: exiting
2024/06/15 16:34:58 [notice] 28#28: exiting
2024/06/15 16:34:58 [notice] 29#29: exiting
2024/06/15 16:34:58 [notice] 30#30: exiting
2024/06/15 16:34:58 [notice] 31#31: exiting
2024/06/15 16:34:58 [notice] 33#33: exiting
2024/06/15 16:34:58 [notice] 22#22: exit
2024/06/15 16:34:58 [notice] 35#35: exiting
2024/06/15 16:34:58 [notice] 34#34: exiting
2024/06/15 16:34:58 [notice] 36#36: exiting
2024/06/15 16:34:58 [notice] 37#37: exiting
2024/06/15 16:34:58 [notice] 32#32: exit
2024/06/15 16:34:58 [notice] 24#24: exit
2024/06/15 16:34:58 [notice] 25#25: exit
2024/06/15 16:34:58 [notice] 23#23: exit
2024/06/15 16:34:58 [notice] 26#26: exit
2024/06/15 16:34:58 [notice] 27#27: exit
2024/06/15 16:34:58 [notice] 28#28: exit
2024/06/15 16:34:58 [notice] 29#29: exit
2024/06/15 16:34:58 [notice] 30#30: exit
2024/06/15 16:34:58 [notice] 31#31: exit
2024/06/15 16:34:58 [notice] 33#33: exit
2024/06/15 16:34:58 [notice] 35#35: exit
2024/06/15 16:34:58 [notice] 34#34: exit
2024/06/15 16:34:58 [notice] 36#36: exit
2024/06/15 16:34:58 [notice] 37#37: exit
2024/06/15 16:34:58 [notice] 1#1: signal 17 (SIGCHLD) received from 24
2024/06/15 16:34:58 [notice] 1#1: worker process 22 exited with code 0
2024/06/15 16:34:58 [notice] 1#1: worker process 24 exited with code 0
2024/06/15 16:34:58 [notice] 1#1: worker process 25 exited with code 0
2024/06/15 16:34:58 [notice] 1#1: worker process 26 exited with code 0
2024/06/15 16:34:58 [notice] 1#1: worker process 27 exited with code 0
2024/06/15 16:34:58 [notice] 1#1: worker process 28 exited with code 0
2024/06/15 16:34:58 [notice] 1#1: worker process 30 exited with code 0
2024/06/15 16:34:58 [notice] 1#1: worker process 32 exited with code 0
2024/06/15 16:34:58 [notice] 1#1: worker process 33 exited with code 0
2024/06/15 16:34:58 [notice] 1#1: worker process 35 exited with code 0
2024/06/15 16:34:58 [notice] 1#1: worker process 36 exited with code 0
2024/06/15 16:34:58 [notice] 1#1: signal 29 (SIGIO) received
2024/06/15 16:34:58 [notice] 1#1: signal 17 (SIGCHLD) received from 28
2024/06/15 16:34:58 [notice] 1#1: signal 17 (SIGCHLD) received from 23
2024/06/15 16:34:58 [notice] 1#1: worker process 23 exited with code 0
2024/06/15 16:34:58 [notice] 1#1: signal 29 (SIGIO) received
2024/06/15 16:34:58 [notice] 1#1: signal 17 (SIGCHLD) received from 37
2024/06/15 16:34:58 [notice] 1#1: worker process 29 exited with code 0
2024/06/15 16:34:58 [notice] 1#1: worker process 31 exited with code 0
2024/06/15 16:34:58 [notice] 1#1: worker process 37 exited with code 0
2024/06/15 16:34:58 [notice] 1#1: signal 29 (SIGIO) received
2024/06/15 16:34:58 [notice] 1#1: signal 17 (SIGCHLD) received from 29
2024/06/15 16:34:58 [notice] 1#1: signal 17 (SIGCHLD) received from 34
2024/06/15 16:34:58 [notice] 1#1: worker process 34 exited with code 0
2024/06/15 16:34:58 [notice] 1#1: exit
2024/06/15 16:35:00 [notice] 1#1: using the "epoll" event method
2024/06/15 16:35:00 [notice] 1#1: nginx/1.25.5
2024/06/15 16:35:00 [notice] 1#1: built by gcc 13.2.1 20231014 (Alpine 13.2.1_git20231014) 
2024/06/15 16:35:00 [notice] 1#1: OS: Linux 5.15.146.1-microsoft-standard-WSL2
2024/06/15 16:35:00 [notice] 1#1: getrlimit(RLIMIT_NOFILE): 1048576:1048576
2024/06/15 16:35:00 [notice] 1#1: start worker processes
2024/06/15 16:35:00 [notice] 1#1: start worker process 23
2024/06/15 16:35:00 [notice] 1#1: start worker process 24
2024/06/15 16:35:00 [notice] 1#1: start worker process 25
2024/06/15 16:35:00 [notice] 1#1: start worker process 26
2024/06/15 16:35:00 [notice] 1#1: start worker process 27
2024/06/15 16:35:00 [notice] 1#1: start worker process 28
2024/06/15 16:35:00 [notice] 1#1: start worker process 29
2024/06/15 16:35:00 [notice] 1#1: start worker process 30
2024/06/15 16:35:00 [notice] 1#1: start worker process 31
2024/06/15 16:35:00 [notice] 1#1: start worker process 32
2024/06/15 16:35:00 [notice] 1#1: start worker process 33
2024/06/15 16:35:00 [notice] 1#1: start worker process 34
2024/06/15 16:35:00 [notice] 1#1: start worker process 35
2024/06/15 16:35:00 [notice] 1#1: start worker process 36
2024/06/15 16:35:00 [notice] 1#1: start worker process 37
2024/06/15 16:35:00 [notice] 1#1: start worker process 38
2024/06/15 16:38:06 [notice] 1#1: signal 3 (SIGQUIT) received, shutting down
2024/06/15 16:38:06 [notice] 24#24: gracefully shutting down
2024/06/15 16:38:06 [notice] 25#25: gracefully shutting down
2024/06/15 16:38:06 [notice] 26#26: gracefully shutting down
2024/06/15 16:38:06 [notice] 23#23: gracefully shutting down
2024/06/15 16:38:06 [notice] 27#27: gracefully shutting down
2024/06/15 16:38:06 [notice] 29#29: gracefully shutting down
2024/06/15 16:38:06 [notice] 30#30: gracefully shutting down
2024/06/15 16:38:06 [notice] 28#28: gracefully shutting down
2024/06/15 16:38:06 [notice] 31#31: gracefully shutting down
2024/06/15 16:38:06 [notice] 32#32: gracefully shutting down
2024/06/15 16:38:06 [notice] 33#33: gracefully shutting down
2024/06/15 16:38:06 [notice] 34#34: gracefully shutting down
2024/06/15 16:38:06 [notice] 37#37: gracefully shutting down
2024/06/15 16:38:06 [notice] 36#36: gracefully shutting down
2024/06/15 16:38:06 [notice] 35#35: gracefully shutting down
2024/06/15 16:38:06 [notice] 38#38: gracefully shutting down
2024/06/15 16:38:06 [notice] 24#24: exiting
2024/06/15 16:38:06 [notice] 25#25: exiting
2024/06/15 16:38:06 [notice] 26#26: exiting
2024/06/15 16:38:06 [notice] 23#23: exiting
2024/06/15 16:38:06 [notice] 27#27: exiting
2024/06/15 16:38:06 [notice] 29#29: exiting
2024/06/15 16:38:06 [notice] 30#30: exiting
2024/06/15 16:38:06 [notice] 28#28: exiting
2024/06/15 16:38:06 [notice] 31#31: exiting
2024/06/15 16:38:06 [notice] 32#32: exiting
2024/06/15 16:38:06 [notice] 33#33: exiting
2024/06/15 16:38:06 [notice] 34#34: exiting
2024/06/15 16:38:06 [notice] 37#37: exiting
2024/06/15 16:38:06 [notice] 36#36: exiting
2024/06/15 16:38:06 [notice] 35#35: exiting
2024/06/15 16:38:06 [notice] 38#38: exiting
2024/06/15 16:38:06 [notice] 24#24: exit
2024/06/15 16:38:06 [notice] 25#25: exit
2024/06/15 16:38:06 [notice] 26#26: exit
2024/06/15 16:38:06 [notice] 23#23: exit
2024/06/15 16:38:06 [notice] 27#27: exit
2024/06/15 16:38:06 [notice] 29#29: exit
2024/06/15 16:38:06 [notice] 30#30: exit
2024/06/15 16:38:06 [notice] 28#28: exit
2024/06/15 16:38:06 [notice] 31#31: exit
2024/06/15 16:38:06 [notice] 32#32: exit
2024/06/15 16:38:06 [notice] 33#33: exit
2024/06/15 16:38:06 [notice] 34#34: exit
2024/06/15 16:38:06 [notice] 37#37: exit
2024/06/15 16:38:06 [notice] 36#36: exit
2024/06/15 16:38:06 [notice] 35#35: exit
2024/06/15 16:38:06 [notice] 38#38: exit
2024/06/15 16:38:06 [notice] 1#1: signal 17 (SIGCHLD) received from 24
2024/06/15 16:38:06 [notice] 1#1: worker process 24 exited with code 0
2024/06/15 16:38:06 [notice] 1#1: worker process 25 exited with code 0
2024/06/15 16:38:06 [notice] 1#1: signal 29 (SIGIO) received
2024/06/15 16:38:06 [notice] 1#1: signal 17 (SIGCHLD) received from 27
2024/06/15 16:38:06 [notice] 1#1: worker process 23 exited with code 0
2024/06/15 16:38:06 [notice] 1#1: worker process 27 exited with code 0
2024/06/15 16:38:06 [notice] 1#1: worker process 28 exited with code 0
2024/06/15 16:38:06 [notice] 1#1: worker process 30 exited with code 0
2024/06/15 16:38:06 [notice] 1#1: worker process 31 exited with code 0
2024/06/15 16:38:06 [notice] 1#1: worker process 33 exited with code 0
2024/06/15 16:38:06 [notice] 1#1: worker process 35 exited with code 0
2024/06/15 16:38:06 [notice] 1#1: worker process 37 exited with code 0
2024/06/15 16:38:06 [notice] 1#1: signal 29 (SIGIO) received
2024/06/15 16:38:06 [notice] 1#1: signal 17 (SIGCHLD) received from 37
2024/06/15 16:38:06 [notice] 1#1: signal 17 (SIGCHLD) received from 32
2024/06/15 16:38:06 [notice] 1#1: worker process 29 exited with code 0
2024/06/15 16:38:06 [notice] 1#1: worker process 32 exited with code 0
2024/06/15 16:38:06 [notice] 1#1: worker process 36 exited with code 0
2024/06/15 16:38:06 [notice] 1#1: signal 29 (SIGIO) received
2024/06/15 16:38:06 [notice] 1#1: signal 17 (SIGCHLD) received from 36
2024/06/15 16:38:06 [notice] 1#1: signal 17 (SIGCHLD) received from 38
2024/06/15 16:38:06 [notice] 1#1: worker process 26 exited with code 0
2024/06/15 16:38:06 [notice] 1#1: worker process 34 exited with code 0
2024/06/15 16:38:06 [notice] 1#1: worker process 38 exited with code 0
2024/06/15 16:38:06 [notice] 1#1: exit
2024/06/15 16:38:08 [notice] 1#1: using the "epoll" event method
2024/06/15 16:38:08 [notice] 1#1: nginx/1.25.5
2024/06/15 16:38:08 [notice] 1#1: built by gcc 13.2.1 20231014 (Alpine 13.2.1_git20231014) 
2024/06/15 16:38:08 [notice] 1#1: OS: Linux 5.15.146.1-microsoft-standard-WSL2
2024/06/15 16:38:08 [notice] 1#1: getrlimit(RLIMIT_NOFILE): 1048576:1048576
2024/06/15 16:38:08 [notice] 1#1: start worker processes
2024/06/15 16:38:08 [notice] 1#1: start worker process 22
2024/06/15 16:38:08 [notice] 1#1: start worker process 23
2024/06/15 16:38:08 [notice] 1#1: start worker process 24
2024/06/15 16:38:08 [notice] 1#1: start worker process 25
2024/06/15 16:38:08 [notice] 1#1: start worker process 26
2024/06/15 16:38:08 [notice] 1#1: start worker process 27
2024/06/15 16:38:08 [notice] 1#1: start worker process 28
2024/06/15 16:38:08 [notice] 1#1: start worker process 29
2024/06/15 16:38:08 [notice] 1#1: start worker process 30
2024/06/15 16:38:08 [notice] 1#1: start worker process 31
2024/06/15 16:38:08 [notice] 1#1: start worker process 32
2024/06/15 16:38:08 [notice] 1#1: start worker process 33
2024/06/15 16:38:08 [notice] 1#1: start worker process 34
2024/06/15 16:38:08 [notice] 1#1: start worker process 35
2024/06/15 16:38:08 [notice] 1#1: start worker process 36
2024/06/15 16:38:08 [notice] 1#1: start worker process 37
2024/06/15 16:39:47 [notice] 1#1: signal 3 (SIGQUIT) received, shutting down
2024/06/15 16:39:47 [notice] 22#22: gracefully shutting down
2024/06/15 16:39:47 [notice] 33#33: gracefully shutting down
2024/06/15 16:39:47 [notice] 23#23: gracefully shutting down
2024/06/15 16:39:47 [notice] 24#24: gracefully shutting down
2024/06/15 16:39:47 [notice] 25#25: gracefully shutting down
2024/06/15 16:39:47 [notice] 26#26: gracefully shutting down
2024/06/15 16:39:47 [notice] 27#27: gracefully shutting down
2024/06/15 16:39:47 [notice] 28#28: gracefully shutting down
2024/06/15 16:39:47 [notice] 29#29: gracefully shutting down
2024/06/15 16:39:47 [notice] 30#30: gracefully shutting down
2024/06/15 16:39:47 [notice] 31#31: gracefully shutting down
2024/06/15 16:39:47 [notice] 35#35: gracefully shutting down
2024/06/15 16:39:47 [notice] 36#36: gracefully shutting down
2024/06/15 16:39:47 [notice] 34#34: gracefully shutting down
2024/06/15 16:39:47 [notice] 32#32: gracefully shutting down
2024/06/15 16:39:47 [notice] 22#22: exiting
2024/06/15 16:39:47 [notice] 37#37: gracefully shutting down
2024/06/15 16:39:47 [notice] 33#33: exiting
2024/06/15 16:39:47 [notice] 23#23: exiting
2024/06/15 16:39:47 [notice] 24#24: exiting
2024/06/15 16:39:47 [notice] 25#25: exiting
2024/06/15 16:39:47 [notice] 26#26: exiting
2024/06/15 16:39:47 [notice] 27#27: exiting
2024/06/15 16:39:47 [notice] 28#28: exiting
2024/06/15 16:39:47 [notice] 29#29: exiting
2024/06/15 16:39:47 [notice] 30#30: exiting
2024/06/15 16:39:47 [notice] 31#31: exiting
2024/06/15 16:39:47 [notice] 35#35: exiting
2024/06/15 16:39:47 [notice] 36#36: exiting
2024/06/15 16:39:47 [notice] 34#34: exiting
2024/06/15 16:39:47 [notice] 32#32: exiting
2024/06/15 16:39:47 [notice] 22#22: exit
2024/06/15 16:39:47 [notice] 37#37: exiting
2024/06/15 16:39:47 [notice] 33#33: exit
2024/06/15 16:39:47 [notice] 23#23: exit
2024/06/15 16:39:47 [notice] 24#24: exit
2024/06/15 16:39:47 [notice] 25#25: exit
2024/06/15 16:39:47 [notice] 26#26: exit
2024/06/15 16:39:47 [notice] 27#27: exit
2024/06/15 16:39:47 [notice] 28#28: exit
2024/06/15 16:39:47 [notice] 29#29: exit
2024/06/15 16:39:47 [notice] 30#30: exit
2024/06/15 16:39:47 [notice] 31#31: exit
2024/06/15 16:39:47 [notice] 35#35: exit
2024/06/15 16:39:47 [notice] 36#36: exit
2024/06/15 16:39:47 [notice] 34#34: exit
2024/06/15 16:39:47 [notice] 32#32: exit
2024/06/15 16:39:47 [notice] 37#37: exit
2024/06/15 16:39:47 [notice] 1#1: signal 17 (SIGCHLD) received from 22
2024/06/15 16:39:47 [notice] 1#1: worker process 22 exited with code 0
2024/06/15 16:39:47 [notice] 1#1: worker process 24 exited with code 0
2024/06/15 16:39:47 [notice] 1#1: signal 29 (SIGIO) received
2024/06/15 16:39:47 [notice] 1#1: signal 17 (SIGCHLD) received from 28
2024/06/15 16:39:47 [notice] 1#1: worker process 27 exited with code 0
2024/06/15 16:39:47 [notice] 1#1: worker process 28 exited with code 0
2024/06/15 16:39:47 [notice] 1#1: worker process 33 exited with code 0
2024/06/15 16:39:47 [notice] 1#1: worker process 34 exited with code 0
2024/06/15 16:39:47 [notice] 1#1: worker process 35 exited with code 0
2024/06/15 16:39:47 [notice] 1#1: signal 29 (SIGIO) received
2024/06/15 16:39:47 [notice] 1#1: signal 17 (SIGCHLD) received from 34
2024/06/15 16:39:47 [notice] 1#1: signal 17 (SIGCHLD) received from 23
2024/06/15 16:39:47 [notice] 1#1: worker process 23 exited with code 0
2024/06/15 16:39:47 [notice] 1#1: signal 29 (SIGIO) received
2024/06/15 16:39:47 [notice] 1#1: signal 17 (SIGCHLD) received from 30
2024/06/15 16:39:47 [notice] 1#1: worker process 25 exited with code 0
2024/06/15 16:39:47 [notice] 1#1: worker process 29 exited with code 0
2024/06/15 16:39:47 [notice] 1#1: worker process 30 exited with code 0
2024/06/15 16:39:47 [notice] 1#1: worker process 32 exited with code 0
2024/06/15 16:39:47 [notice] 1#1: signal 29 (SIGIO) received
2024/06/15 16:39:47 [notice] 1#1: signal 17 (SIGCHLD) received from 26
2024/06/15 16:39:47 [notice] 1#1: worker process 26 exited with code 0
2024/06/15 16:39:47 [notice] 1#1: signal 29 (SIGIO) received
2024/06/15 16:39:47 [notice] 1#1: signal 17 (SIGCHLD) received from 31
2024/06/15 16:39:47 [notice] 1#1: worker process 31 exited with code 0
2024/06/15 16:39:47 [notice] 1#1: worker process 37 exited with code 0
2024/06/15 16:39:47 [notice] 1#1: signal 29 (SIGIO) received
2024/06/15 16:39:47 [notice] 1#1: signal 17 (SIGCHLD) received from 36
2024/06/15 16:39:47 [notice] 1#1: worker process 36 exited with code 0
2024/06/15 16:39:47 [notice] 1#1: exit
2024/06/15 16:39:58 [notice] 1#1: using the "epoll" event method
2024/06/15 16:39:58 [notice] 1#1: nginx/1.25.5
2024/06/15 16:39:58 [notice] 1#1: built by gcc 13.2.1 20231014 (Alpine 13.2.1_git20231014) 
2024/06/15 16:39:58 [notice] 1#1: OS: Linux 5.15.146.1-microsoft-standard-WSL2
2024/06/15 16:39:58 [notice] 1#1: getrlimit(RLIMIT_NOFILE): 1048576:1048576
2024/06/15 16:39:58 [notice] 1#1: start worker processes
2024/06/15 16:39:58 [notice] 1#1: start worker process 30
2024/06/15 16:39:58 [notice] 1#1: start worker process 31
2024/06/15 16:39:58 [notice] 1#1: start worker process 32
2024/06/15 16:39:58 [notice] 1#1: start worker process 33
2024/06/15 16:39:58 [notice] 1#1: start worker process 34
2024/06/15 16:39:58 [notice] 1#1: start worker process 35
2024/06/15 16:39:58 [notice] 1#1: start worker process 36
2024/06/15 16:39:58 [notice] 1#1: start worker process 37
2024/06/15 16:39:58 [notice] 1#1: start worker process 38
2024/06/15 16:39:58 [notice] 1#1: start worker process 39
2024/06/15 16:39:58 [notice] 1#1: start worker process 40
2024/06/15 16:39:58 [notice] 1#1: start worker process 41
2024/06/15 16:39:58 [notice] 1#1: start worker process 42
2024/06/15 16:39:58 [notice] 1#1: start worker process 43
2024/06/15 16:39:58 [notice] 1#1: start worker process 44
2024/06/15 16:39:58 [notice] 1#1: start worker process 45
2024/06/15 16:45:12 [notice] 1#1: signal 3 (SIGQUIT) received, shutting down
2024/06/15 16:45:12 [notice] 30#30: gracefully shutting down
2024/06/15 16:45:12 [notice] 40#40: gracefully shutting down
2024/06/15 16:45:12 [notice] 31#31: gracefully shutting down
2024/06/15 16:45:12 [notice] 32#32: gracefully shutting down
2024/06/15 16:45:12 [notice] 33#33: gracefully shutting down
2024/06/15 16:45:12 [notice] 34#34: gracefully shutting down
2024/06/15 16:45:12 [notice] 35#35: gracefully shutting down
2024/06/15 16:45:12 [notice] 36#36: gracefully shutting down
2024/06/15 16:45:12 [notice] 37#37: gracefully shutting down
2024/06/15 16:45:12 [notice] 38#38: gracefully shutting down
2024/06/15 16:45:12 [notice] 39#39: gracefully shutting down
2024/06/15 16:45:12 [notice] 41#41: gracefully shutting down
2024/06/15 16:45:12 [notice] 42#42: gracefully shutting down
2024/06/15 16:45:12 [notice] 43#43: gracefully shutting down
2024/06/15 16:45:12 [notice] 30#30: exiting
2024/06/15 16:45:12 [notice] 44#44: gracefully shutting down
2024/06/15 16:45:12 [notice] 45#45: gracefully shutting down
2024/06/15 16:45:12 [notice] 40#40: exiting
2024/06/15 16:45:12 [notice] 31#31: exiting
2024/06/15 16:45:12 [notice] 32#32: exiting
2024/06/15 16:45:12 [notice] 33#33: exiting
2024/06/15 16:45:12 [notice] 34#34: exiting
2024/06/15 16:45:12 [notice] 35#35: exiting
2024/06/15 16:45:12 [notice] 36#36: exiting
2024/06/15 16:45:12 [notice] 37#37: exiting
2024/06/15 16:45:12 [notice] 38#38: exiting
2024/06/15 16:45:12 [notice] 39#39: exiting
2024/06/15 16:45:12 [notice] 41#41: exiting
2024/06/15 16:45:12 [notice] 42#42: exiting
2024/06/15 16:45:12 [notice] 43#43: exiting
2024/06/15 16:45:12 [notice] 30#30: exit
2024/06/15 16:45:12 [notice] 44#44: exiting
2024/06/15 16:45:12 [notice] 45#45: exiting
2024/06/15 16:45:12 [notice] 40#40: exit
2024/06/15 16:45:12 [notice] 31#31: exit
2024/06/15 16:45:12 [notice] 32#32: exit
2024/06/15 16:45:12 [notice] 33#33: exit
2024/06/15 16:45:12 [notice] 34#34: exit
2024/06/15 16:45:12 [notice] 35#35: exit
2024/06/15 16:45:12 [notice] 36#36: exit
2024/06/15 16:45:12 [notice] 37#37: exit
2024/06/15 16:45:12 [notice] 38#38: exit
2024/06/15 16:45:12 [notice] 39#39: exit
2024/06/15 16:45:12 [notice] 41#41: exit
2024/06/15 16:45:12 [notice] 42#42: exit
2024/06/15 16:45:12 [notice] 43#43: exit
2024/06/15 16:45:12 [notice] 44#44: exit
2024/06/15 16:45:12 [notice] 45#45: exit
2024/06/15 16:45:12 [notice] 1#1: signal 17 (SIGCHLD) received from 31
2024/06/15 16:45:12 [notice] 1#1: worker process 30 exited with code 0
2024/06/15 16:45:12 [notice] 1#1: worker process 31 exited with code 0
2024/06/15 16:45:12 [notice] 1#1: worker process 32 exited with code 0
2024/06/15 16:45:12 [notice] 1#1: worker process 33 exited with code 0
2024/06/15 16:45:12 [notice] 1#1: worker process 37 exited with code 0
2024/06/15 16:45:12 [notice] 1#1: worker process 39 exited with code 0
2024/06/15 16:45:12 [notice] 1#1: worker process 40 exited with code 0
2024/06/15 16:45:12 [notice] 1#1: worker process 41 exited with code 0
2024/06/15 16:45:12 [notice] 1#1: worker process 43 exited with code 0
2024/06/15 16:45:12 [notice] 1#1: worker process 44 exited with code 0
2024/06/15 16:45:12 [notice] 1#1: worker process 45 exited with code 0
2024/06/15 16:45:12 [notice] 1#1: signal 29 (SIGIO) received
2024/06/15 16:45:12 [notice] 1#1: signal 17 (SIGCHLD) received from 33
2024/06/15 16:45:12 [notice] 1#1: signal 17 (SIGCHLD) received from 34
2024/06/15 16:45:12 [notice] 1#1: worker process 34 exited with code 0
2024/06/15 16:45:12 [notice] 1#1: worker process 36 exited with code 0
2024/06/15 16:45:12 [notice] 1#1: worker process 38 exited with code 0
2024/06/15 16:45:12 [notice] 1#1: signal 29 (SIGIO) received
2024/06/15 16:45:12 [notice] 1#1: signal 17 (SIGCHLD) received from 38
2024/06/15 16:45:12 [notice] 1#1: signal 17 (SIGCHLD) received from 42
2024/06/15 16:45:12 [notice] 1#1: worker process 42 exited with code 0
2024/06/15 16:45:12 [notice] 1#1: worker process 35 exited with code 0
2024/06/15 16:45:12 [notice] 1#1: exit
2024/06/15 16:45:14 [notice] 1#1: using the "epoll" event method
2024/06/15 16:45:14 [notice] 1#1: nginx/1.25.5
2024/06/15 16:45:14 [notice] 1#1: built by gcc 13.2.1 20231014 (Alpine 13.2.1_git20231014) 
2024/06/15 16:45:14 [notice] 1#1: OS: Linux 5.15.146.1-microsoft-standard-WSL2
2024/06/15 16:45:14 [notice] 1#1: getrlimit(RLIMIT_NOFILE): 1048576:1048576
2024/06/15 16:45:14 [notice] 1#1: start worker processes
2024/06/15 16:45:14 [notice] 1#1: start worker process 23
2024/06/15 16:45:14 [notice] 1#1: start worker process 24
2024/06/15 16:45:14 [notice] 1#1: start worker process 25
2024/06/15 16:45:14 [notice] 1#1: start worker process 26
2024/06/15 16:45:14 [notice] 1#1: start worker process 27
2024/06/15 16:45:14 [notice] 1#1: start worker process 28
2024/06/15 16:45:14 [notice] 1#1: start worker process 29
2024/06/15 16:45:14 [notice] 1#1: start worker process 30
2024/06/15 16:45:14 [notice] 1#1: start worker process 31
2024/06/15 16:45:14 [notice] 1#1: start worker process 32
2024/06/15 16:45:14 [notice] 1#1: start worker process 33
2024/06/15 16:45:14 [notice] 1#1: start worker process 34
2024/06/15 16:45:14 [notice] 1#1: start worker process 35
2024/06/15 16:45:14 [notice] 1#1: start worker process 36
2024/06/15 16:45:14 [notice] 1#1: start worker process 37
2024/06/15 16:45:14 [notice] 1#1: start worker process 38
2024/06/15 16:50:41 [notice] 1#1: signal 3 (SIGQUIT) received, shutting down
2024/06/15 16:50:41 [notice] 23#23: gracefully shutting down
2024/06/15 16:50:41 [notice] 24#24: gracefully shutting down
2024/06/15 16:50:41 [notice] 25#25: gracefully shutting down
2024/06/15 16:50:41 [notice] 26#26: gracefully shutting down
2024/06/15 16:50:41 [notice] 28#28: gracefully shutting down
2024/06/15 16:50:41 [notice] 27#27: gracefully shutting down
2024/06/15 16:50:41 [notice] 30#30: gracefully shutting down
2024/06/15 16:50:41 [notice] 31#31: gracefully shutting down
2024/06/15 16:50:41 [notice] 29#29: gracefully shutting down
2024/06/15 16:50:41 [notice] 32#32: gracefully shutting down
2024/06/15 16:50:41 [notice] 33#33: gracefully shutting down
2024/06/15 16:50:41 [notice] 34#34: gracefully shutting down
2024/06/15 16:50:41 [notice] 35#35: gracefully shutting down
2024/06/15 16:50:41 [notice] 36#36: gracefully shutting down
2024/06/15 16:50:41 [notice] 37#37: gracefully shutting down
2024/06/15 16:50:41 [notice] 38#38: gracefully shutting down
2024/06/15 16:50:41 [notice] 23#23: exiting
2024/06/15 16:50:41 [notice] 24#24: exiting
2024/06/15 16:50:41 [notice] 25#25: exiting
2024/06/15 16:50:41 [notice] 26#26: exiting
2024/06/15 16:50:41 [notice] 28#28: exiting
2024/06/15 16:50:41 [notice] 27#27: exiting
2024/06/15 16:50:41 [notice] 30#30: exiting
2024/06/15 16:50:41 [notice] 31#31: exiting
2024/06/15 16:50:41 [notice] 29#29: exiting
2024/06/15 16:50:41 [notice] 32#32: exiting
2024/06/15 16:50:41 [notice] 33#33: exiting
2024/06/15 16:50:41 [notice] 34#34: exiting
2024/06/15 16:50:41 [notice] 35#35: exiting
2024/06/15 16:50:41 [notice] 36#36: exiting
2024/06/15 16:50:41 [notice] 37#37: exiting
2024/06/15 16:50:41 [notice] 38#38: exiting
2024/06/15 16:50:41 [notice] 23#23: exit
2024/06/15 16:50:41 [notice] 24#24: exit
2024/06/15 16:50:41 [notice] 25#25: exit
2024/06/15 16:50:41 [notice] 26#26: exit
2024/06/15 16:50:41 [notice] 28#28: exit
2024/06/15 16:50:41 [notice] 27#27: exit
2024/06/15 16:50:41 [notice] 30#30: exit
2024/06/15 16:50:41 [notice] 31#31: exit
2024/06/15 16:50:41 [notice] 29#29: exit
2024/06/15 16:50:41 [notice] 32#32: exit
2024/06/15 16:50:41 [notice] 33#33: exit
2024/06/15 16:50:41 [notice] 34#34: exit
2024/06/15 16:50:41 [notice] 35#35: exit
2024/06/15 16:50:41 [notice] 36#36: exit
2024/06/15 16:50:41 [notice] 37#37: exit
2024/06/15 16:50:41 [notice] 38#38: exit
2024/06/15 16:50:41 [notice] 1#1: signal 17 (SIGCHLD) received from 27
2024/06/15 16:50:41 [notice] 1#1: worker process 23 exited with code 0
2024/06/15 16:50:41 [notice] 1#1: worker process 24 exited with code 0
2024/06/15 16:50:41 [notice] 1#1: worker process 25 exited with code 0
2024/06/15 16:50:41 [notice] 1#1: worker process 27 exited with code 0
2024/06/15 16:50:41 [notice] 1#1: worker process 28 exited with code 0
2024/06/15 16:50:41 [notice] 1#1: worker process 30 exited with code 0
2024/06/15 16:50:41 [notice] 1#1: worker process 31 exited with code 0
2024/06/15 16:50:41 [notice] 1#1: worker process 33 exited with code 0
2024/06/15 16:50:41 [notice] 1#1: worker process 34 exited with code 0
2024/06/15 16:50:41 [notice] 1#1: worker process 35 exited with code 0
2024/06/15 16:50:41 [notice] 1#1: worker process 36 exited with code 0
2024/06/15 16:50:41 [notice] 1#1: worker process 37 exited with code 0
2024/06/15 16:50:41 [notice] 1#1: worker process 38 exited with code 0
2024/06/15 16:50:41 [notice] 1#1: signal 29 (SIGIO) received
2024/06/15 16:50:41 [notice] 1#1: signal 17 (SIGCHLD) received from 38
2024/06/15 16:50:41 [notice] 1#1: signal 17 (SIGCHLD) received from 32
2024/06/15 16:50:41 [notice] 1#1: worker process 26 exited with code 0
2024/06/15 16:50:41 [notice] 1#1: worker process 29 exited with code 0
2024/06/15 16:50:41 [notice] 1#1: worker process 32 exited with code 0
2024/06/15 16:50:41 [notice] 1#1: exit
